<?xml version="1.0" encoding="UTF-8"?>
<testsuite name="LineTest" tests="5" skipped="0" failures="0" errors="0" timestamp="2022-05-16T04:33:18" hostname="Justins-MacBook-Pro.local" time="0.005">
  <properties/>
  <testcase name="moveLine()" classname="LineTest" time="0.001"/>
  <testcase name="getLength()" classname="LineTest" time="0.0"/>
  <testcase name="getSlope1()" classname="LineTest" time="0.001"/>
  <testcase name="getLength1()" classname="LineTest" time="0.0"/>
  <testcase name="getSlope()" classname="LineTest" time="0.0"/>
  <system-out><![CDATA[]]></system-out>
  <system-err><![CDATA[]]></system-err>
</testsuite>
