<?xml version="1.0" encoding="UTF-8"?>
<testsuite name="SquareTest" tests="7" skipped="0" failures="0" errors="0" timestamp="2022-05-16T04:33:18" hostname="Justins-MacBook-Pro.local" time="0.006">
  <properties/>
  <testcase name="getHeightOfZero()" classname="SquareTest" time="0.001"/>
  <testcase name="checkIfSquare()" classname="SquareTest" time="0.001"/>
  <testcase name="calculateArea()" classname="SquareTest" time="0.001"/>
  <testcase name="move()" classname="SquareTest" time="0.0"/>
  <testcase name="getHeight()" classname="SquareTest" time="0.0"/>
  <testcase name="getWidthOfZero()" classname="SquareTest" time="0.0"/>
  <testcase name="getWidth()" classname="SquareTest" time="0.0"/>
  <system-out><![CDATA[]]></system-out>
  <system-err><![CDATA[]]></system-err>
</testsuite>
