<?xml version="1.0" encoding="UTF-8"?>
<testsuite name="TriangleTest" tests="3" skipped="0" failures="0" errors="0" timestamp="2022-06-05T23:36:28" hostname="Justins-MacBook-Pro.local" time="0.003">
  <properties/>
  <testcase name="calculateArea()" classname="TriangleTest" time="0.001"/>
  <testcase name="move()" classname="TriangleTest" time="0.001"/>
  <testcase name="checkIfAreaIsZero()" classname="TriangleTest" time="0.001"/>
  <system-out><![CDATA[]]></system-out>
  <system-err><![CDATA[]]></system-err>
</testsuite>
