<?xml version="1.0" encoding="UTF-8"?>
<testsuite name="CircleTest" tests="5" skipped="0" failures="0" errors="0" timestamp="2022-06-06T00:54:49" hostname="Justins-MacBook-Pro.local" time="0.065">
  <properties/>
  <testcase name="getVerticalRadius()" classname="CircleTest" time="0.018"/>
  <testcase name="calculateArea()" classname="CircleTest" time="0.0"/>
  <testcase name="move()" classname="CircleTest" time="0.0"/>
  <testcase name="getHorizontalRadius()" classname="CircleTest" time="0.0"/>
  <testcase name="checkIfAreaIsZero()" classname="CircleTest" time="0.044"/>
  <system-out><![CDATA[]]></system-out>
  <system-err><![CDATA[]]></system-err>
</testsuite>
