<?xml version="1.0" encoding="UTF-8"?>
<testsuite name="PointTest" tests="3" skipped="0" failures="0" errors="0" timestamp="2022-05-16T04:33:18" hostname="Justins-MacBook-Pro.local" time="0.002">
  <properties/>
  <testcase name="movePointPositiveDirection()" classname="PointTest" time="0.001"/>
  <testcase name="movePointNegativeDirection()" classname="PointTest" time="0.001"/>
  <testcase name="clonePoint()" classname="PointTest" time="0.0"/>
  <system-out><![CDATA[]]></system-out>
  <system-err><![CDATA[]]></system-err>
</testsuite>
